[
  {
    "level": "INFO",
    "message": "android.ndkVersion from module build.gradle is 21.2.6472646"
  },
  {
    "level": "INFO",
    "message": "ndk.dir in local.properties is not set"
  },
  {
    "level": "INFO",
    "message": "ANDROID_NDK_HOME environment variable is not set"
  },
  {
    "level": "INFO",
    "message": "sdkFolder is /home/hanpfei/data/tools/Android/Sdk"
  },
  {
    "level": "INFO",
    "message": "Considering /home/hanpfei/data/tools/Android/Sdk/ndk-bundle in SDK ndk-bundle folder"
  },
  {
    "level": "INFO",
    "message": "Considering /home/hanpfei/data/tools/Android/Sdk/ndk/21.0.6113669 in SDK ndk folder"
  },
  {
    "level": "INFO",
    "message": "Rejected /home/hanpfei/data/tools/Android/Sdk/ndk/21.0.6113669 in SDK ndk folder because that NDK had version 21.0.6113669 which didn\u0027t match the requested version 21.2.6472646"
  },
  {
    "level": "INFO",
    "message": "Rejected /home/hanpfei/data/tools/Android/Sdk/ndk-bundle in SDK ndk-bundle folder because that NDK had version 21.0.6113669 which didn\u0027t match the requested version 21.2.6472646"
  },
  {
    "level": "ERROR",
    "message": "No version of NDK matched the requested version 21.2.6472646. Versions available locally: 21.0.6113669, 21.0.6113669"
  }
]