[
  {
    "level": "INFO",
    "message": "android.ndkVersion from module build.gradle is 21.2.6472646"
  },
  {
    "level": "INFO",
    "message": "ndk.dir in local.properties is /home/hanpfei/data/tools/Android/android-ndk-r21b"
  },
  {
    "level": "INFO",
    "message": "ANDROID_NDK_HOME environment variable is not set"
  },
  {
    "level": "INFO",
    "message": "sdkFolder is /home/hanpfei/data/tools/Android/Sdk"
  },
  {
    "level": "INFO",
    "message": "Considering /home/hanpfei/data/tools/Android/android-ndk-r21b by ndk.dir"
  },
  {
    "level": "INFO",
    "message": "Considering /home/hanpfei/data/tools/Android/Sdk/ndk-bundle in SDK ndk-bundle folder"
  },
  {
    "level": "INFO",
    "message": "Considering /home/hanpfei/data/tools/Android/Sdk/ndk/21.2.6472646 in SDK ndk folder"
  },
  {
    "level": "INFO",
    "message": "Considering /home/hanpfei/data/tools/Android/Sdk/ndk/21.0.6113669 in SDK ndk folder"
  },
  {
    "level": "ERROR",
    "message": "Requested NDK version 21.2.6472646 did not match the version 21.1.6352462 requested by ndk.dir at /home/hanpfei/data/tools/Android/android-ndk-r21b"
  }
]